         w __deregister_frame_info
         w __register_frame_info
         w userAppExit
         w userAppInit
00000000 00000401 B __ctru_dev_path_buf
00000000 b _TLS_MODULE_BASE_
00000000 a shift
00000000 a shift
00000404 00000802 B __ctru_dev_utf16_buf
00100000 A __start__
00100000 T _start
00100008 T __service_ptr
0010000c T __apt_appid
00100010 T __heap_size
00100014 T __linear_heap_size
00100018 T __system_arglist
0010001c T __system_runflags
00100020 t startup
00100058 t ClearMem
0010006c t ClrLoop
00100094 T _init
001000ac T __aeabi_idiv
001000ac 00000220 T __divsi3
001000b4 t .divsi3_skip_div0_test
001002cc 00000020 T __aeabi_idivmod
001002ec 00000004 W __aeabi_idiv0
001002ec 00000004 W __aeabi_ldiv0
001002f0 T __aeabi_ldivmod
001003c4 T __aeabi_uldivmod
00100408 00000390 T strcmp
00100790 t .udivsi3_skip_div0_test
00100790 T __aeabi_uidiv
00100790 000001ec T __udivsi3
0010097c 00000020 T __aeabi_uidivmod
0010099c T __aeabi_drsub
001009a4 000002b0 T __aeabi_dsub
001009a4 000002b0 T __subdf3
001009a8 000002ac T __adddf3
001009a8 000002ac T __aeabi_dadd
00100c54 00000024 T __aeabi_ui2d
00100c54 00000024 T __floatunsidf
00100c78 00000028 T __aeabi_i2d
00100c78 00000028 T __floatsidf
00100ca0 00000048 T __aeabi_f2d
00100ca0 00000048 T __extendsfdf2
00100ce8 00000074 T __aeabi_ul2d
00100ce8 00000074 T __floatundidf
00100cfc 00000060 T __aeabi_l2d
00100cfc 00000060 T __floatdidf
00100d5c t __do_global_dtors_aux
00100d9c t frame_dummy
00100dc8 00000064 T main
00100e2c 00000178 T consoleDrawChar
00100fa4 00000124 T consolePrintChar
001010c8 00000a00 T con_write
00101ac8 00000168 T consoleInit
00101c30 000000f4 t newRow
00101d24 000000d0 t gfxPresentFramebuffer
00101df4 0000001c T gfxIsWide
00101e10 000000ec T gfxSetScreenFormat
00101efc 00000010 T gfxSetDoubleBuffering
00101f0c 00000108 T gfxInit
00102014 00000010 T gfxInitDefault
00102024 000000b4 T gfxExit
001020d8 000000a0 T gfxGetFramebuffer
00102178 0000010c T gfxFlushBuffers
00102284 00000050 T gfxSwapBuffersGpu
001022d4 00000c58 t gspHardwareInit
00102f2c 00000254 T gspInit
00103180 000000f0 T gspExit
00103270 00000010 T gspHasGpuRight
00103280 00000098 T gspPresentBuffer
00103318 00000050 T gspWaitForEvent
00103368 00000004 W gxCmdQueueInterrupt
0010336c 00000160 t gspEventThreadMain
001034cc 00000050 T GSPGPU_FlushDataCache
0010351c 00000034 T GSPGPU_SetLcdForceBlack
00103550 00000068 T GSPGPU_AcquireRight
001035b8 00000048 T GSPGPU_ReleaseRight
00103600 0000007c T GSPGPU_ImportDisplayCaptureInfo
0010367c 0000002c T GSPGPU_SaveVramSysArea
001036a8 0000002c T GSPGPU_RestoreVramSysArea
001036d4 000001b0 t aptConvertScreenForCapture
00103884 00000008 W aptDspSleep
0010388c 00000004 W aptDspWakeup
00103890 00000004 W aptDspCancel
00103894 0000015c T aptSendCommand
001039f0 00000038 t aptExitProcess
00103a28 000002f0 T aptExit
00103d18 000000d8 T aptHandleSleep
00103df0 00000084 T APT_SleepIfShellClosed
00103e74 00000084 T aptSetSleepAllowed
00103ef8 00000084 T APT_UnlockTransition
00103f80 00000484 t aptEventHandler
00104404 000000b0 T APT_ReceiveParameter
001044b4 000000b0 t aptReceiveParameter.constprop.0
00104568 000002bc t aptScreenTransfer
00104824 000002d0 t aptWaitForWakeUp.isra.0
00104af4 000000f8 T aptJumpToHomeMenu
00104bec 0000004c T aptMainLoop
00104c38 00000234 T aptInit
00104e6c 0000007c T APT_CheckNew3DS
00104ee8 00000024 W hidShouldUseIrrst
00104f0c 0000018c T hidInit
00105098 000000e8 T hidExit
00105180 00000294 T hidScanInput
00105414 00000010 T hidKeysDown
00105424 00000038 W __libctru_init
0010545c 000000f0 W __system_initArgv
0010554c T svcControlMemory
0010556c T svcQueryMemory
0010559c T svcExitProcess
001055a4 T svcCreateThread
001055c4 T svcExitThread
001055cc T svcSleepThread
001055d4 T svcReleaseMutex
001055dc T svcCreateEvent
001055f0 T svcSignalEvent
001055f8 T svcClearEvent
00105600 T svcMapMemoryBlock
00105608 T svcUnmapMemoryBlock
00105610 T svcCreateAddressArbiter
00105624 T svcArbitrateAddressNoTimeout
0010562c T svcCloseHandle
00105634 T svcWaitSynchronization
0010563c T svcWaitSynchronizationN
00105664 T svcDuplicateHandle
00105678 T svcGetSystemTick
00105680 T svcConnectToPort
00105694 T svcSendSyncRequest
0010569c T svcGetResourceLimit
001056b0 T svcGetResourceLimitLimitValues
001056b8 T svcGetResourceLimitCurrentValues
001056c0 T svcBreak
001056c8 W initSystem
00105718 W __ctru_exit
00105730 00000024 t addrMapNodeComparator(rbtree_node const*, rbtree_node const*)
00105754 00000004 t addrMapNodeDestructor(rbtree_node*)
00105758 00000114 T vramMemAlign
0010586c 00000008 T vramAlloc
00105874 0000005c T vramFree
001058d0 00000024 t addrMapNodeComparator(rbtree_node const*, rbtree_node const*)
001058f4 00000004 t addrMapNodeDestructor(rbtree_node*)
001058f8 00000120 T linearMemAlign
00105a18 00000008 T linearAlloc
00105a20 0000005c T linearFree
00105a7c 00000084 T MemPool::CoalesceRight(MemBlock*)
00105b00 00000170 T MemPool::Allocate(MemChunk&, unsigned long, int)
00105c70 000000fc T MemPool::Deallocate(MemChunk const&)
00105d6c 0000000c T __sync_init
00105d78 00000018 T __sync_fini
00105d90 0000002c T syncArbitrateAddress
00105dbc 0000001c T LightLock_Init
00105dd8 00000094 T LightLock_Lock
00105e6c 00000044 T LightLock_TryLock
00105eb0 00000040 T LightLock_Unlock
00105ef0 00000024 T RecursiveLock_Init
00105f14 00000030 T RecursiveLock_Lock
00105f44 00000078 T RecursiveLock_TryLock
00105fbc 00000054 T RecursiveLock_Unlock
00106010 00000040 T LightEvent_Init
00106050 000000a4 T LightEvent_Clear
001060f4 000000c8 T LightEvent_Signal
001061bc 00000058 T LightEvent_TryWait
00106214 000000b0 T LightEvent_Wait
001062c4 00000054 T osGetTimeRef
00106318 000000e4 T osGetTime
001063fc 00000074 T __libctru_gtod
00106470 00000034 T __ctru_speedup_config
001064a4 00000124 T srvInit
001065c8 00000058 T srvExit
00106620 00000080 T srvGetServiceHandleDirect
001066a0 00000048 T srvGetServiceHandle
001066e8 00000038 T srvPublishToSubscriber
00106720 00000188 T threadCreate
001068a8 0000002c T threadFree
001068d4 00000024 T threadJoin
001068f8 00000030 T threadGetCurrent
00106928 00000040 T threadExit
00106968 00000044 t _thread_begin
001069ac 00000094 t mappableFindAddressWithin
00106a40 00000028 T mappableInit
00106a68 00000080 T mappableAlloc
00106ae8 00000004 T mappableFree
00106aec 00000160 T irrstInit
00106c4c 000000cc T irrstExit
00106d18 000000b0 T irrstScanInput
00106dc8 00000024 T irrstKeysHeld
00106dec 0000000c T srvPmGetSessionHandle
00106df8 00000074 T ptmSysmInit
00106e6c 0000003c T ptmSysmExit
00106ea8 00000034 T PTMSYSM_ConfigureNew3DSCPU
00106edc 00000010 T rbtree_init
00106eec 000001a0 t do_insert
0010708c 00000008 T rbtree_insert
00107094 00000090 T rbtree_rotate
00107124 00000338 T rbtree_remove
0010745c 00000074 T rbtree_find
001074d0 00000030 t __libctru_nanosleep
00107500 00000030 t __libctru_get_reent
00107530 000000f8 T __system_initSyscalls
00107628 000001e0 W __system_allocateHeaps
00107808 00000030 W __appInit
00107838 00000030 W __appExit
00107868 00000090 W __libctru_exit
001078f8 00000084 W envGetHandle
0010797c 00000050 W envDestroyHandles
001079cc 00000014 t archive_link
001079e0 00000014 t archive_dirreset
001079f4 00000014 t archive_chmod
00107a08 00000024 t error_cmp
00107a2c 00000050 t archive_translate_error
00107a7c 000000d4 t archive_seek
00107b50 0000007c t _archiveInit.part.0
00107bcc 0000008c t archiveFindDevice.part.0
00107c58 00000294 t archive_utf16path
00107eec 000000a0 t _archiveUnmountDeviceStruct.part.0
00107f8c 00000014 t archive_fchmod
00107fa0 00000014 t archive_statvfs
00107fb4 00000158 t _archiveMountDevice
0010810c 000000e8 t archive_diropen
001081f4 000000a4 t archive_fstat
00108298 0000006c t archive_close
00108304 0000006c t archive_fsync
00108370 00000070 t archive_dirclose
001083e0 000000e8 t sdmc_statvfs
001084c8 00000080 t archive_ftruncate
00108548 000000fc t archive_chdir
00108644 000000b0 t archive_read
001086f4 000000ac t archive_unlink
001087a0 000000c8 t archive_rmdir
00108868 000000ec t archive_mkdir
00108954 000001a8 t archive_stat
00108afc 00000184 t archive_rename
00108c80 00000168 t archive_dirnext
00108de8 0000012c t archive_write
00108f14 000001f0 t archive_open
00109104 000001a4 T archiveMountSdmc
001092a8 00000054 T archiveUnmountAll
001092fc 000000c8 T fsInit
001093c4 0000003c T fsExit
00109400 00000060 T fsExemptFromSession
00109460 00000050 T fsUnexemptFromSession
001094b0 000000cc T FSUSER_OpenFile
0010957c 000000bc T FSUSER_DeleteFile
00109638 000000f8 T FSUSER_RenameFile
00109730 000000bc T FSUSER_DeleteDirectory
001097ec 000000d4 T FSUSER_CreateFile
001098c0 000000c4 T FSUSER_CreateDirectory
00109984 000000f8 T FSUSER_RenameDirectory
00109a7c 000000b4 T FSUSER_OpenDirectory
00109b30 00000094 T FSUSER_OpenArchive
00109bc4 0000008c T FSUSER_CloseArchive
00109c50 00000074 T FSUSER_GetSdmcArchiveResource
00109cc4 00000064 T FSUSER_IsSdmcWritable
00109d28 00000058 T FSFILE_Read
00109d80 00000060 T FSFILE_Write
00109de0 00000038 T FSFILE_GetSize
00109e18 00000028 T FSFILE_SetSize
00109e40 0000003c T FSFILE_Close
00109e7c 00000024 T FSFILE_Flush
00109ea0 00000050 T FSDIR_Read
00109ef0 0000003c T FSDIR_Close
00109f2c 00000050 T rbtree_node_next
00109f7c 000000c0 T utf8_to_utf16
0010a03c 0000013c T decode_utf8
0010a178 000000e8 T utf16_to_utf8
0010a260 T __aeabi_read_tp
0010a26c 00000060 T encode_utf16
0010a2cc 000000fc T encode_utf8
0010a3c8 00000064 T decode_utf16
0010a42c 00000120 T __udivmoddi4
0010a54c 00000078 T bsearch
0010a5c4 0000000c T __errno
0010a5d0 00000034 T exit
0010a604 0000003c T __libc_fini_array
0010a640 0000007c T __libc_init_array
0010a6bc 00000028 T memalign
0010a6e4 00000148 T _memalign_r
0010a82c 00000020 T malloc
0010a84c 00000020 T free
0010a86c 000007f0 T _malloc_r
0010b05c 000000e0 T memchr
0010b13c 0000011c T memcpy
0010b258 00000118 T memset
0010b370 0000000c T __malloc_lock
0010b37c 0000000c T __malloc_unlock
0010b388 00000034 T printf
0010b3bc 000000e0 T _puts_r
0010b49c 00000020 T puts
0010b4bc 00000260 T setvbuf
0010b71c 00000074 T sscanf
0010b790 00000044 T __sread
0010b7d4 00000008 T __seofread
0010b7dc 00000068 T __swrite
0010b844 00000048 T __sseek
0010b88c 00000008 T __sclose
0010b894 0000005c T strlen
0010b8f0 000000ec T strncat
0010b9dc 000000dc T strncmp
0010bab8 000000c0 T strncpy
0010bb78 00000048 T strnlen
0010bbc0 00000050 t get_arg
0010bc10 00002b68 T __ssvfscanf_r
0010e778 0000064c t get_arg
0010edc4 00000034 T __sprint_r
0010edf8 00002584 T _vfiprintf_r
0011137c 000000d4 t __sbprintf
00111450 0000064c t get_arg
00111aa0 000038d4 T _vfprintf_r
00115374 000000d4 t __sbprintf
00115448 00000054 T _wcrtomb_r
0011549c 00000028 T _wcsrtombs_r
001154c4 00000154 T __swsetup_r
00115618 00000114 T __call_exitprocs
0011572c 000001a8 t quorem
001158d8 000012ec T _dtoa_r
00116bc4 00000258 T __sflush_r
00116e1c 00000094 T _fflush_r
00116eb0 0000000c T _cleanup_r
00116ebc 00000184 T __sinit
00117040 0000000c T __sfp_lock_acquire
0011704c 0000000c T __sfp_lock_release
00117058 000000f8 T _malloc_trim_r
00117150 000002e4 T _free_r
00117434 000004a4 T __sfvwrite_r
001178d8 00000070 T _fwalk_reent
00117948 00000008 T iswspace
00117950 0000000c T _localeconv_r
0011795c 00000010 T __locale_mb_cur_max
0011796c 00000138 T __smakebuf_r
00117aa4 00000094 T __swhatbuf_r
00117b38 00000068 T _mbrtowc_r
00117ba0 000002fc T __utf8_mbtowc
00117e9c 00000154 T memmove
00117ff0 00000088 T _Balloc
00118078 0000001c T _Bfree
00118094 000000f4 T __multadd
00118188 00000110 T __s2b
00118298 00000058 T __hi0bits
001182f0 0000009c T __lo0bits
0011838c 000000a4 T __i2b
00118430 00000204 T __multiply
00118634 00000120 T __pow5mult
00118754 0000013c T __lshift
00118890 00000058 T __mcmp
001188e8 000001cc T __mdiff
00118ab4 00000088 T __ulp
00118b3c 000000d4 T __b2d
00118c10 0000012c T __d2b
00118d3c 00000078 T __ratio
00118db4 00000088 T __copybits
00118e3c 0000005c T __any_on
00118e98 00000028 T realloc
00118ec0 00000598 T _realloc_r
00119458 000000e4 T __sccl
0011953c 0000000c T nanf
00119548 000000a8 T frexp
001195f0 00000064 T sprintf
00119654 000000b8 T stpncpy
0011970c 00000144 T strchr
00119850 0000130c T _strtod_l
0011ab5c 0000000c T _strtod_r
0011ab68 0000022c t _strtoll_l.constprop.0
0011ad94 00000004 T _strtoll_r
0011ad98 000001b0 t _strtol_l.part.0
0011af48 0000003c T _strtol_r
0011af84 00000244 t _strtoull_l.constprop.0
0011b1c8 00000004 T _strtoull_r
0011b1cc 000001c8 t _strtoul_l.constprop.0
0011b394 00000004 T _strtoul_r
0011b398 00000188 T __ssprint_r
0011b520 000000e0 T _sungetc_r
0011b600 0000006c T __ssrefill_r
0011b66c 000000c8 T _sfread_r
0011b734 0000064c t get_arg
0011bd80 00003808 T _svfprintf_r
0011f588 000000a8 T __submore
0011f630 00000190 T _wcsnrtombs_l
0011f7c0 0000004c T _wcsnrtombs_r
0011f80c 000000f0 T __utf8_wctomb
0011f8fc 0000005c T __assert_func
0011f958 00000094 T _calloc_r
0011f9ec 00000160 T _fclose_r
0011fb4c 0000003c T fiprintf
0011fb88 000000ec t rshift
0011fc74 00000928 T __gethex
0012059c 0000004c T __match
001205e8 0000029c T __hexnan
00120884 0000003c T iswspace_l
001208c0 000001d4 t __jp2uc
00120a94 0000009c T _jp2uc_l
00120b30 00000010 T nan
00120b40 00000014 T abort
00120b54 00000084 T category
00120bd8 00000098 T _raise_r
00120c70 00000020 T raise
00120c90 00000008 t null_write
00120c98 00000018 T setDefaultDevice
00120cb0 000000c8 T FindDevice
00120d78 00000028 T RemoveDevice
00120da0 0000009c T AddDevice
00120e3c 00000020 T GetDeviceOpTab
00120e5c 00000078 T _fstat_r
00120ed4 00000014 T _getpid_r
00120ee8 00000008 T _isatty_r
00120ef0 00000014 T _kill_r
00120f04 00000084 T _lseek_r
00120f88 00000080 T _read_r
00121008 00000078 T _sbrk_r
00121080 00000080 T _write_r
00121100 00000024 T _exit
00121124 000001b8 T _concatenate_path
001212dc 00000160 T chdir
0012143c 00000008 T __flockfile
00121444 00000008 T __funlockfile
0012144c 00000018 T __libc_lock_acquire
00121464 00000018 T __libc_lock_release
0012147c 00000018 T __libc_lock_init_recursive
00121494 00000018 T __libc_lock_acquire_recursive
001214ac 00000018 T __libc_lock_release_recursive
001214c4 00000018 T __libc_lock_close_recursive
001214dc 0000003c T __get_handle
00121518 000000f4 T _close_r
0012160c 00000028 T __getreent
00121634 00000038 T __aeabi_d2lz
00121634 00000038 T __fixdfdi
00121670 00000040 T __aeabi_d2ulz
00121670 00000040 T __fixunsdfdi
001216b0 00000044 T strrchr
001216f4 T _fini
00122130 00000030 r colorTable
00122160 00000070 r dotab_stdout
001221f4 00000008 r morton_x.3
001221fc 00000008 r morton_y.2
00122204 00000008 r s_sleepWakeEvents.4
00122224 R default_font_bin
00122a24 R default_font_bin_end
00122a24 R default_font_bin_size
00122a60 00000070 r archive_devoptab
00122ad0 00000030 r error_table
00122b08 00000004 R _global_impure_ptr
00122b14 00000022 r basefix.0
00122b60 00000010 r blanks.1
00122b70 00000010 r zeroes.0
00122b94 00000010 r blanks.1
00122ba4 00000010 r zeroes.0
00122bb4 00000101 R _ctype_
00122cc8 r .LC2
00122da8 00000028 R __mprec_bigtens
00122dd0 000000c8 R __mprec_tens
00122e98 0000000c r p05.0
00122eb4 00000014 r fpi.1
00122ec8 00000014 r fpinan.0
00122ee0 00000028 r tinytens
00122f08 0000006c R __action_table
00122f74 00000100 R __chclass
00123074 0000006c R __state_table
001230e0 00000010 r blanks.1
001230f0 00000010 r zeroes.0
00123188 00000100 R __hexdig
0012329c 000000bc r a1
00123358 000000bc r a2
00123414 0000005b r a3
00123470 00000070 r a6
001234e0 000000a2 r a7
00123584 00000040 r a8
001235c4 0000172a r b02cf
00124cf0 00001a7c r d02f4
0012676c 0000000c R _C_numeric_locale
00126778 000031e6 r categories
00129960 00000070 R dotab_stdnull
001299d0 r 
001299d0 R __exidx_end
001299d0 R __exidx_start
0012a000 00000004 D currentConsole
0012a004 0000004c D defaultConsole
0012a050 00000001 d firstConsoleInit.0
0012a054 00000004 d kCount
0012a058 00000004 d kDelay
0012a05c 00000004 d kInterval
0012a060 W __stacksize__
0012a064 00000004 D _impure_ptr
0012a068 00000460 d impure_data
0012a4c8 00000408 D __malloc_av_
0012a8d0 00000004 D __malloc_sbrk_base
0012a8d4 00000004 D __malloc_trim_threshold
0012a8d8 0000000c d __malloc_recursive_mutex
0012a8e4 0000000c D __atexit_recursive_mutex
0012a8f0 0000000c d __sfp_recursive_mutex
0012a8fc 0000000c d __sinit_recursive_mutex
0012a908 0000016c D __global_locale
0012aa74 00000002 d numempty
0012aa78 00000004 d defaultDevice
0012aa7c 0000008c D devoptab_list
0012ab08 00000400 d _current_working_directory
0012af08 00000004 d __hndl_lock
0012af0c 0000000c d __stderr_handle
0012af18 0000000c d __stdin_handle
0012af24 0000000c d __stdout_handle
0012af30 00001000 d handles
0012bf38 d _GLOBAL_OFFSET_TABLE_
0012bf44 d __frame_dummy_init_array_entry
0012bf44 D __init_array_start
0012bf44 B __preinit_array_end
0012bf44 B __preinit_array_start
0012bf44 D __tdata_lma
0012bf44 D __tdata_lma_end
0012bf48 d __do_global_dtors_aux_fini_array_entry
0012bf48 D __fini_array_start
0012bf48 D __init_array_end
0012bf4c D __bss_start__
0012bf4c D __fini_array_end
0012bf4c b completed.1
0012bf50 b object.0
0012bf68 0000004c B currentCopy
0012bfb4 00000004 b gfxBottomFramebufferMaxSize
0012bfb8 00000008 b gfxBottomFramebuffers
0012bfc0 00000002 b gfxCurBuf
0012bfc4 00000002 b gfxFramebufferFormats
0012bfc8 00000002 b gfxIsDoubleBuf
0012bfca 00000001 b gfxIsVram
0012bfcc 00000004 b gfxTopFramebufferMaxSize
0012bfd0 00000008 b gfxTopFramebuffers
0012bfd8 00000001 b gfxTopMode
0012bfdc 00000004 b screenAlloc
0012bfe0 00000004 b screenFree
0012bfe4 00000004 b gspEvent
0012bfe8 0000001c b gspEventCb
0012c004 0000001c b gspEventCbData
0012c020 00000007 b gspEventCbOneShot
0012c028 00000004 b gspEventThread
0012c02c 00000038 b gspEvents
0012c064 00000004 b gspGpuHandle
0012c068 00000001 b gspGpuRight
0012c06c 00000004 b gspLastEvent
0012c070 00000004 b gspRefCount
0012c074 00000001 b gspRunEvents
0012c078 00000004 b gspSharedMem
0012c07c 00000004 b gspSharedMemHandle
0012c080 00000001 b gspThreadId
0012c081 00000001 b aptChainloadFlags
0012c082 00000001 b aptChainloadMediatype
0012c088 00000008 b aptChainloadTid
0012c090 00000004 b aptEventHandlerThread
0012c094 00000001 b aptEventHandlerThreadQuit
0012c098 00000008 b aptEvents
0012c0a0 0000000c b aptFirstHook
0012c0ac 00000004 b aptFlags
0012c0b0 00000001 b aptHomeButtonState
0012c0b4 00000004 b aptLockHandle
0012c0b8 00000004 b aptMessageFunc
0012c0bc 00000004 b aptMessageFuncData
0012c0c0 00001000 b aptParameters
0012d0c0 00000008 b aptReceiveEvent
0012d0c8 00000004 b aptRefCount
0012d0cc 00000008 b aptSleepEvent
0012d0d4 00000001 b flagInit.1
0012d0d5 00000001 b flagValue.0
0012d0d8 00000004 b serviceName.6
0012d0dc 00000006 b aVec
0012d0e4 00000004 b cPos
0012d0e8 00000006 b gRate
0012d0f0 00000014 B hidEvents
0012d104 00000004 B hidHandle
0012d108 00000004 B hidMemHandle
0012d10c 00000004 b hidRefCount
0012d110 00000004 B hidSharedMem
0012d114 00000004 b kDown
0012d118 00000004 b kHeld
0012d11c 00000004 b kOld
0012d120 00000004 b kRepeat
0012d124 00000004 b kUp
0012d128 00000004 b tPos
0012d12c 00000001 b usingIrrst
0012d130 00000004 B __system_retAddr
0012d134 00000004 B __system_argc
0012d138 00000004 B __system_argv
0012d13c b saved_stack
0012d144 0000000c b sAddrMap
0012d150 00000008 b sVramPool
0012d158 00000008 b sLinearPool
0012d160 0000000c b sAddrMap
0012d16c 00000004 b arbiter
0012d170 00000001 V __ctru_speedup
0012d174 00000004 b srvHandle
0012d178 00000004 b srvRefCount
0012d17c 00000004 b currentAddr
0012d180 00000004 b maxAddr
0012d184 00000004 b minAddr
0012d188 00000004 b csPos
0012d18c 00000004 B irrstEvent
0012d190 00000004 B irrstHandle
0012d194 00000004 B irrstMemHandle
0012d198 00000004 b irrstRefCount
0012d19c 00000004 B irrstSharedMem
0012d1a0 00000004 b kHeld
0012d1a4 00000004 b srvPmHandle
0012d1a8 00000004 b ptmSysmHandle
0012d1ac 00000004 b ptmSysmRefCount
0012d1b0 00000004 B __ctru_heap
0012d1b4 00000004 V __ctru_heap_size
0012d1b8 00000004 B __ctru_linear_heap
0012d1bc 00000004 V __ctru_linear_heap_size
0012d1c0 00000004 b archive_device_cwd
0012d1c8 00000540 b archive_devices
0012d708 00000001 b archive_initialized
0012d710 00000080 b fsExemptArchives
0012d790 00000004 b fsuHandle
0012d794 00000004 b fsuRefCount
0012d798 00000028 B __malloc_current_mallinfo
0012d7c0 00000004 B __malloc_max_sbrked_mem
0012d7c4 00000004 B __malloc_max_total_mem
0012d7c8 00000004 B __malloc_top_pad
0012d7cc 00000004 b heap_start.0
0012d7d0 00000004 B fake_heap_end
0012d7d4 00000004 B fake_heap_start
0012d7d8 00000400 b temp_cwd
0012dbd8 00000048 B __syscalls
0012dc20 B __tls_start
0012e828 B __bss_end__
0012e828 A __end__
0012e828 B __tls_end
